2024/02/24 13:57:53 [notice] 1#1: using the "epoll" event method
2024/02/24 13:57:53 [notice] 1#1: nginx/1.25.4
2024/02/24 13:57:53 [notice] 1#1: built by gcc 12.2.0 (Debian 12.2.0-14) 
2024/02/24 13:57:53 [notice] 1#1: OS: Linux 5.15.0-97-generic
2024/02/24 13:57:53 [notice] 1#1: getrlimit(RLIMIT_NOFILE): 1024:524288
2024/02/24 13:57:53 [notice] 1#1: start worker processes
2024/02/24 13:57:53 [notice] 1#1: start worker process 29
2024/02/24 13:57:53 [notice] 1#1: start worker process 30
2024/02/24 13:57:53 [notice] 1#1: start worker process 31
2024/02/24 13:57:53 [notice] 1#1: start worker process 32
2024/02/24 13:58:07 [notice] 1#1: signal 3 (SIGQUIT) received, shutting down
2024/02/24 13:58:07 [notice] 29#29: gracefully shutting down
2024/02/24 13:58:07 [notice] 30#30: gracefully shutting down
2024/02/24 13:58:07 [notice] 31#31: gracefully shutting down
2024/02/24 13:58:07 [notice] 29#29: exiting
2024/02/24 13:58:07 [notice] 30#30: exiting
2024/02/24 13:58:07 [notice] 31#31: exiting
2024/02/24 13:58:07 [notice] 29#29: exit
2024/02/24 13:58:07 [notice] 31#31: exit
2024/02/24 13:58:07 [notice] 30#30: exit
2024/02/24 13:58:07 [notice] 32#32: gracefully shutting down
2024/02/24 13:58:07 [notice] 32#32: exiting
2024/02/24 13:58:07 [notice] 32#32: exit
2024/02/24 13:58:07 [notice] 1#1: signal 17 (SIGCHLD) received from 30
2024/02/24 13:58:07 [notice] 1#1: worker process 30 exited with code 0
2024/02/24 13:58:07 [notice] 1#1: worker process 31 exited with code 0
2024/02/24 13:58:07 [notice] 1#1: worker process 32 exited with code 0
2024/02/24 13:58:07 [notice] 1#1: signal 29 (SIGIO) received
2024/02/24 13:58:07 [notice] 1#1: signal 17 (SIGCHLD) received from 29
2024/02/24 13:58:07 [notice] 1#1: worker process 29 exited with code 0
2024/02/24 13:58:07 [notice] 1#1: exit
2024/02/24 13:58:46 [notice] 1#1: using the "epoll" event method
2024/02/24 13:58:46 [notice] 1#1: nginx/1.25.4
2024/02/24 13:58:46 [notice] 1#1: built by gcc 12.2.0 (Debian 12.2.0-14) 
2024/02/24 13:58:46 [notice] 1#1: OS: Linux 5.15.0-97-generic
2024/02/24 13:58:46 [notice] 1#1: getrlimit(RLIMIT_NOFILE): 1024:524288
2024/02/24 13:58:46 [notice] 1#1: start worker processes
2024/02/24 13:58:46 [notice] 1#1: start worker process 29
2024/02/24 13:58:46 [notice] 1#1: start worker process 30
2024/02/24 13:58:46 [notice] 1#1: start worker process 31
2024/02/24 13:58:46 [notice] 1#1: start worker process 32
2024/02/24 14:03:58 [error] 29#29: *5 open() "/usr/share/nginx/html/wp-includes/wlwmanifest.xml" failed (2: No such file or directory), client: 192.168.64.4, server: localhost, request: "GET /wp-includes/wlwmanifest.xml HTTP/1.0", host: "enriqueav.com"
2024/02/24 14:03:58 [error] 29#29: *6 open() "/usr/share/nginx/html/xmlrpc.php" failed (2: No such file or directory), client: 192.168.64.4, server: localhost, request: "GET /xmlrpc.php?rsd HTTP/1.0", host: "enriqueav.com"
2024/02/24 14:03:59 [error] 29#29: *8 open() "/usr/share/nginx/html/blog/wp-includes/wlwmanifest.xml" failed (2: No such file or directory), client: 192.168.64.4, server: localhost, request: "GET /blog/wp-includes/wlwmanifest.xml HTTP/1.0", host: "enriqueav.com"
2024/02/24 14:03:59 [error] 29#29: *9 open() "/usr/share/nginx/html/web/wp-includes/wlwmanifest.xml" failed (2: No such file or directory), client: 192.168.64.4, server: localhost, request: "GET /web/wp-includes/wlwmanifest.xml HTTP/1.0", host: "enriqueav.com"
2024/02/24 14:03:59 [error] 29#29: *10 open() "/usr/share/nginx/html/wordpress/wp-includes/wlwmanifest.xml" failed (2: No such file or directory), client: 192.168.64.4, server: localhost, request: "GET /wordpress/wp-includes/wlwmanifest.xml HTTP/1.0", host: "enriqueav.com"
2024/02/24 14:03:59 [error] 29#29: *11 open() "/usr/share/nginx/html/website/wp-includes/wlwmanifest.xml" failed (2: No such file or directory), client: 192.168.64.4, server: localhost, request: "GET /website/wp-includes/wlwmanifest.xml HTTP/1.0", host: "enriqueav.com"
2024/02/24 14:04:00 [error] 29#29: *12 open() "/usr/share/nginx/html/wp/wp-includes/wlwmanifest.xml" failed (2: No such file or directory), client: 192.168.64.4, server: localhost, request: "GET /wp/wp-includes/wlwmanifest.xml HTTP/1.0", host: "enriqueav.com"
2024/02/24 14:04:00 [error] 29#29: *13 open() "/usr/share/nginx/html/news/wp-includes/wlwmanifest.xml" failed (2: No such file or directory), client: 192.168.64.4, server: localhost, request: "GET /news/wp-includes/wlwmanifest.xml HTTP/1.0", host: "enriqueav.com"
2024/02/24 14:04:00 [error] 29#29: *14 open() "/usr/share/nginx/html/2018/wp-includes/wlwmanifest.xml" failed (2: No such file or directory), client: 192.168.64.4, server: localhost, request: "GET /2018/wp-includes/wlwmanifest.xml HTTP/1.0", host: "enriqueav.com"
2024/02/24 14:04:01 [error] 29#29: *15 open() "/usr/share/nginx/html/2019/wp-includes/wlwmanifest.xml" failed (2: No such file or directory), client: 192.168.64.4, server: localhost, request: "GET /2019/wp-includes/wlwmanifest.xml HTTP/1.0", host: "enriqueav.com"
2024/02/24 14:04:01 [error] 29#29: *16 open() "/usr/share/nginx/html/shop/wp-includes/wlwmanifest.xml" failed (2: No such file or directory), client: 192.168.64.4, server: localhost, request: "GET /shop/wp-includes/wlwmanifest.xml HTTP/1.0", host: "enriqueav.com"
2024/02/24 14:04:01 [error] 29#29: *17 open() "/usr/share/nginx/html/wp1/wp-includes/wlwmanifest.xml" failed (2: No such file or directory), client: 192.168.64.4, server: localhost, request: "GET /wp1/wp-includes/wlwmanifest.xml HTTP/1.0", host: "enriqueav.com"
2024/02/24 14:04:02 [error] 29#29: *18 open() "/usr/share/nginx/html/test/wp-includes/wlwmanifest.xml" failed (2: No such file or directory), client: 192.168.64.4, server: localhost, request: "GET /test/wp-includes/wlwmanifest.xml HTTP/1.0", host: "enriqueav.com"
2024/02/24 14:04:02 [error] 29#29: *19 open() "/usr/share/nginx/html/media/wp-includes/wlwmanifest.xml" failed (2: No such file or directory), client: 192.168.64.4, server: localhost, request: "GET /media/wp-includes/wlwmanifest.xml HTTP/1.0", host: "enriqueav.com"
2024/02/24 14:04:02 [error] 29#29: *20 open() "/usr/share/nginx/html/wp2/wp-includes/wlwmanifest.xml" failed (2: No such file or directory), client: 192.168.64.4, server: localhost, request: "GET /wp2/wp-includes/wlwmanifest.xml HTTP/1.0", host: "enriqueav.com"
2024/02/24 14:04:03 [error] 30#30: *21 open() "/usr/share/nginx/html/site/wp-includes/wlwmanifest.xml" failed (2: No such file or directory), client: 192.168.64.4, server: localhost, request: "GET /site/wp-includes/wlwmanifest.xml HTTP/1.0", host: "enriqueav.com"
2024/02/24 14:04:03 [error] 30#30: *22 open() "/usr/share/nginx/html/cms/wp-includes/wlwmanifest.xml" failed (2: No such file or directory), client: 192.168.64.4, server: localhost, request: "GET /cms/wp-includes/wlwmanifest.xml HTTP/1.0", host: "enriqueav.com"
2024/02/24 14:04:03 [error] 30#30: *23 open() "/usr/share/nginx/html/sito/wp-includes/wlwmanifest.xml" failed (2: No such file or directory), client: 192.168.64.4, server: localhost, request: "GET /sito/wp-includes/wlwmanifest.xml HTTP/1.0", host: "enriqueav.com"
2024/02/24 14:06:55 [error] 30#30: *25 open() "/usr/share/nginx/html/favicon.ico" failed (2: No such file or directory), client: 192.168.64.4, server: localhost, request: "GET /favicon.ico HTTP/1.0", host: "192.168.1.131", referrer: "http://192.168.1.131/"
2024/02/24 14:18:45 [error] 30#30: *33 open() "/usr/share/nginx/html/.env" failed (2: No such file or directory), client: 192.168.64.4, server: localhost, request: "GET /.env HTTP/1.0", host: "enriqueav.com"
2024/02/24 14:18:45 [error] 30#30: *34 "/usr/share/nginx/html/wp-content/index.html" is not found (2: No such file or directory), client: 192.168.64.4, server: localhost, request: "GET /wp-content/ HTTP/1.0", host: "enriqueav.com"
2024/02/24 14:28:52 [notice] 1#1: signal 3 (SIGQUIT) received, shutting down
2024/02/24 14:28:52 [notice] 31#31: gracefully shutting down
2024/02/24 14:28:52 [notice] 30#30: gracefully shutting down
2024/02/24 14:28:52 [notice] 29#29: gracefully shutting down
2024/02/24 14:28:52 [notice] 31#31: exiting
2024/02/24 14:28:52 [notice] 30#30: exiting
2024/02/24 14:28:52 [notice] 29#29: exiting
2024/02/24 14:28:52 [notice] 31#31: exit
2024/02/24 14:28:52 [notice] 30#30: exit
2024/02/24 14:28:52 [notice] 29#29: exit
2024/02/24 14:28:52 [notice] 32#32: gracefully shutting down
2024/02/24 14:28:52 [notice] 32#32: exiting
2024/02/24 14:28:52 [notice] 32#32: exit
2024/02/24 14:28:52 [notice] 1#1: signal 17 (SIGCHLD) received from 29
2024/02/24 14:28:52 [notice] 1#1: worker process 29 exited with code 0
2024/02/24 14:28:52 [notice] 1#1: worker process 30 exited with code 0
2024/02/24 14:28:52 [notice] 1#1: signal 29 (SIGIO) received
2024/02/24 14:28:52 [notice] 1#1: signal 17 (SIGCHLD) received from 31
2024/02/24 14:28:52 [notice] 1#1: worker process 31 exited with code 0
2024/02/24 14:28:52 [notice] 1#1: signal 29 (SIGIO) received
2024/02/24 14:28:52 [notice] 1#1: signal 17 (SIGCHLD) received from 32
2024/02/24 14:28:52 [notice] 1#1: worker process 32 exited with code 0
2024/02/24 14:28:52 [notice] 1#1: exit
2024/02/24 14:29:30 [notice] 1#1: using the "epoll" event method
2024/02/24 14:29:30 [notice] 1#1: nginx/1.25.4
2024/02/24 14:29:30 [notice] 1#1: built by gcc 12.2.0 (Debian 12.2.0-14) 
2024/02/24 14:29:30 [notice] 1#1: OS: Linux 5.15.0-97-generic
2024/02/24 14:29:30 [notice] 1#1: getrlimit(RLIMIT_NOFILE): 1024:524288
2024/02/24 14:29:30 [notice] 1#1: start worker processes
2024/02/24 14:29:30 [notice] 1#1: start worker process 29
2024/02/24 14:29:30 [notice] 1#1: start worker process 30
2024/02/24 14:29:30 [notice] 1#1: start worker process 31
2024/02/24 14:29:30 [notice] 1#1: start worker process 32
2024/02/24 14:31:17 [notice] 1#1: signal 3 (SIGQUIT) received, shutting down
2024/02/24 14:31:17 [notice] 30#30: gracefully shutting down
2024/02/24 14:31:17 [notice] 29#29: gracefully shutting down
2024/02/24 14:31:17 [notice] 30#30: exiting
2024/02/24 14:31:17 [notice] 29#29: exiting
2024/02/24 14:31:17 [notice] 30#30: exit
2024/02/24 14:31:17 [notice] 29#29: exit
2024/02/24 14:31:17 [notice] 31#31: gracefully shutting down
2024/02/24 14:31:17 [notice] 32#32: gracefully shutting down
2024/02/24 14:31:17 [notice] 31#31: exiting
2024/02/24 14:31:17 [notice] 32#32: exiting
2024/02/24 14:31:17 [notice] 31#31: exit
2024/02/24 14:31:17 [notice] 32#32: exit
2024/02/24 14:31:17 [notice] 1#1: signal 17 (SIGCHLD) received from 29
2024/02/24 14:31:17 [notice] 1#1: worker process 29 exited with code 0
2024/02/24 14:31:17 [notice] 1#1: worker process 32 exited with code 0
2024/02/24 14:31:17 [notice] 1#1: signal 29 (SIGIO) received
2024/02/24 14:31:17 [notice] 1#1: signal 17 (SIGCHLD) received from 31
2024/02/24 14:31:17 [notice] 1#1: worker process 30 exited with code 0
2024/02/24 14:31:17 [notice] 1#1: worker process 31 exited with code 0
2024/02/24 14:31:17 [notice] 1#1: exit
2024/02/24 14:31:34 [notice] 1#1: using the "epoll" event method
2024/02/24 14:31:34 [notice] 1#1: nginx/1.25.4
2024/02/24 14:31:34 [notice] 1#1: built by gcc 12.2.0 (Debian 12.2.0-14) 
2024/02/24 14:31:34 [notice] 1#1: OS: Linux 5.15.0-97-generic
2024/02/24 14:31:34 [notice] 1#1: getrlimit(RLIMIT_NOFILE): 1024:524288
2024/02/24 14:31:34 [notice] 1#1: start worker processes
2024/02/24 14:31:34 [notice] 1#1: start worker process 29
2024/02/24 14:31:34 [notice] 1#1: start worker process 30
2024/02/24 14:31:34 [notice] 1#1: start worker process 31
2024/02/24 14:31:34 [notice] 1#1: start worker process 32
2024/02/24 14:52:19 [notice] 1#1: signal 3 (SIGQUIT) received, shutting down
2024/02/24 14:52:19 [notice] 29#29: gracefully shutting down
2024/02/24 14:52:19 [notice] 30#30: gracefully shutting down
2024/02/24 14:52:19 [notice] 31#31: gracefully shutting down
2024/02/24 14:52:19 [notice] 29#29: exiting
2024/02/24 14:52:19 [notice] 32#32: gracefully shutting down
2024/02/24 14:52:19 [notice] 30#30: exiting
2024/02/24 14:52:19 [notice] 31#31: exiting
2024/02/24 14:52:19 [notice] 32#32: exiting
2024/02/24 14:52:19 [notice] 29#29: exit
2024/02/24 14:52:19 [notice] 30#30: exit
2024/02/24 14:52:19 [notice] 31#31: exit
2024/02/24 14:52:19 [notice] 32#32: exit
2024/02/24 14:52:19 [notice] 1#1: signal 17 (SIGCHLD) received from 31
2024/02/24 14:52:19 [notice] 1#1: worker process 31 exited with code 0
2024/02/24 14:52:19 [notice] 1#1: signal 29 (SIGIO) received
2024/02/24 14:52:19 [notice] 1#1: signal 17 (SIGCHLD) received from 29
2024/02/24 14:52:19 [notice] 1#1: worker process 29 exited with code 0
2024/02/24 14:52:19 [notice] 1#1: signal 29 (SIGIO) received
2024/02/24 14:52:19 [notice] 1#1: signal 17 (SIGCHLD) received from 32
2024/02/24 14:52:19 [notice] 1#1: worker process 32 exited with code 0
2024/02/24 14:52:19 [notice] 1#1: signal 29 (SIGIO) received
2024/02/24 14:52:19 [notice] 1#1: signal 17 (SIGCHLD) received from 30
2024/02/24 14:52:19 [notice] 1#1: worker process 30 exited with code 0
2024/02/24 14:52:19 [notice] 1#1: exit
2024/02/24 14:52:36 [notice] 1#1: using the "epoll" event method
2024/02/24 14:52:36 [notice] 1#1: nginx/1.25.4
2024/02/24 14:52:36 [notice] 1#1: built by gcc 12.2.0 (Debian 12.2.0-14) 
2024/02/24 14:52:36 [notice] 1#1: OS: Linux 5.15.0-97-generic
2024/02/24 14:52:36 [notice] 1#1: getrlimit(RLIMIT_NOFILE): 1024:524288
2024/02/24 14:52:36 [notice] 1#1: start worker processes
2024/02/24 14:52:36 [notice] 1#1: start worker process 29
2024/02/24 14:52:36 [notice] 1#1: start worker process 30
2024/02/24 14:52:36 [notice] 1#1: start worker process 31
2024/02/24 14:52:36 [notice] 1#1: start worker process 32
2024/02/24 15:02:36 [notice] 1#1: signal 3 (SIGQUIT) received, shutting down
2024/02/24 15:02:36 [notice] 29#29: gracefully shutting down
2024/02/24 15:02:36 [notice] 30#30: gracefully shutting down
2024/02/24 15:02:36 [notice] 29#29: exiting
2024/02/24 15:02:36 [notice] 30#30: exiting
2024/02/24 15:02:36 [notice] 29#29: exit
2024/02/24 15:02:36 [notice] 30#30: exit
2024/02/24 15:02:36 [notice] 31#31: gracefully shutting down
2024/02/24 15:02:36 [notice] 31#31: exiting
2024/02/24 15:02:36 [notice] 31#31: exit
2024/02/24 15:02:36 [notice] 32#32: gracefully shutting down
2024/02/24 15:02:36 [notice] 32#32: exiting
2024/02/24 15:02:36 [notice] 32#32: exit
2024/02/24 15:02:36 [notice] 1#1: signal 17 (SIGCHLD) received from 32
2024/02/24 15:02:36 [notice] 1#1: worker process 29 exited with code 0
2024/02/24 15:02:36 [notice] 1#1: worker process 32 exited with code 0
2024/02/24 15:02:36 [notice] 1#1: signal 29 (SIGIO) received
2024/02/24 15:02:36 [notice] 1#1: signal 17 (SIGCHLD) received from 31
2024/02/24 15:02:36 [notice] 1#1: worker process 30 exited with code 0
2024/02/24 15:02:36 [notice] 1#1: worker process 31 exited with code 0
2024/02/24 15:02:36 [notice] 1#1: exit
2024/02/24 15:02:43 [notice] 1#1: using the "epoll" event method
2024/02/24 15:02:43 [notice] 1#1: nginx/1.25.4
2024/02/24 15:02:43 [notice] 1#1: built by gcc 12.2.0 (Debian 12.2.0-14) 
2024/02/24 15:02:43 [notice] 1#1: OS: Linux 5.15.0-97-generic
2024/02/24 15:02:43 [notice] 1#1: getrlimit(RLIMIT_NOFILE): 1024:524288
2024/02/24 15:02:43 [notice] 1#1: start worker processes
2024/02/24 15:02:43 [notice] 1#1: start worker process 29
2024/02/24 15:02:43 [notice] 1#1: start worker process 30
2024/02/24 15:02:43 [notice] 1#1: start worker process 31
2024/02/24 15:02:43 [notice] 1#1: start worker process 32
2024/02/24 15:03:10 [notice] 1#1: signal 3 (SIGQUIT) received, shutting down
2024/02/24 15:03:10 [notice] 31#31: gracefully shutting down
2024/02/24 15:03:10 [notice] 29#29: gracefully shutting down
2024/02/24 15:03:10 [notice] 30#30: gracefully shutting down
2024/02/24 15:03:10 [notice] 31#31: exiting
2024/02/24 15:03:10 [notice] 29#29: exiting
2024/02/24 15:03:10 [notice] 30#30: exiting
2024/02/24 15:03:10 [notice] 29#29: exit
2024/02/24 15:03:10 [notice] 30#30: exit
2024/02/24 15:03:10 [notice] 31#31: exit
2024/02/24 15:03:10 [notice] 32#32: gracefully shutting down
2024/02/24 15:03:10 [notice] 32#32: exiting
2024/02/24 15:03:10 [notice] 32#32: exit
2024/02/24 15:03:10 [notice] 1#1: signal 17 (SIGCHLD) received from 31
2024/02/24 15:03:10 [notice] 1#1: worker process 31 exited with code 0
2024/02/24 15:03:10 [notice] 1#1: worker process 32 exited with code 0
2024/02/24 15:03:10 [notice] 1#1: signal 29 (SIGIO) received
2024/02/24 15:03:10 [notice] 1#1: signal 17 (SIGCHLD) received from 32
2024/02/24 15:03:10 [notice] 1#1: signal 17 (SIGCHLD) received from 29
2024/02/24 15:03:10 [notice] 1#1: worker process 29 exited with code 0
2024/02/24 15:03:10 [notice] 1#1: signal 29 (SIGIO) received
2024/02/24 15:03:10 [notice] 1#1: signal 17 (SIGCHLD) received from 30
2024/02/24 15:03:10 [notice] 1#1: worker process 30 exited with code 0
2024/02/24 15:03:10 [notice] 1#1: exit
2024/02/24 15:03:47 [notice] 1#1: using the "epoll" event method
2024/02/24 15:03:47 [notice] 1#1: nginx/1.25.4
2024/02/24 15:03:47 [notice] 1#1: built by gcc 12.2.0 (Debian 12.2.0-14) 
2024/02/24 15:03:47 [notice] 1#1: OS: Linux 5.15.0-97-generic
2024/02/24 15:03:47 [notice] 1#1: getrlimit(RLIMIT_NOFILE): 1024:524288
2024/02/24 15:03:47 [notice] 1#1: start worker processes
2024/02/24 15:03:47 [notice] 1#1: start worker process 29
2024/02/24 15:03:47 [notice] 1#1: start worker process 30
2024/02/24 15:03:47 [notice] 1#1: start worker process 31
2024/02/24 15:03:47 [notice] 1#1: start worker process 32
2024/02/24 15:04:00 [notice] 1#1: signal 3 (SIGQUIT) received, shutting down
2024/02/24 15:04:00 [notice] 29#29: gracefully shutting down
2024/02/24 15:04:00 [notice] 31#31: gracefully shutting down
2024/02/24 15:04:00 [notice] 29#29: exiting
2024/02/24 15:04:00 [notice] 31#31: exiting
2024/02/24 15:04:00 [notice] 29#29: exit
2024/02/24 15:04:00 [notice] 31#31: exit
2024/02/24 15:04:00 [notice] 32#32: gracefully shutting down
2024/02/24 15:04:00 [notice] 30#30: gracefully shutting down
2024/02/24 15:04:00 [notice] 32#32: exiting
2024/02/24 15:04:00 [notice] 30#30: exiting
2024/02/24 15:04:00 [notice] 32#32: exit
2024/02/24 15:04:00 [notice] 30#30: exit
2024/02/24 15:04:00 [notice] 1#1: signal 17 (SIGCHLD) received from 30
2024/02/24 15:04:00 [notice] 1#1: worker process 30 exited with code 0
2024/02/24 15:04:00 [notice] 1#1: signal 29 (SIGIO) received
2024/02/24 15:04:00 [notice] 1#1: signal 17 (SIGCHLD) received from 29
2024/02/24 15:04:00 [notice] 1#1: worker process 29 exited with code 0
2024/02/24 15:04:00 [notice] 1#1: worker process 31 exited with code 0
2024/02/24 15:04:00 [notice] 1#1: signal 29 (SIGIO) received
2024/02/24 15:04:00 [notice] 1#1: signal 17 (SIGCHLD) received from 32
2024/02/24 15:04:00 [notice] 1#1: worker process 32 exited with code 0
2024/02/24 15:04:00 [notice] 1#1: exit
2024/02/24 15:04:04 [notice] 1#1: using the "epoll" event method
2024/02/24 15:04:04 [notice] 1#1: nginx/1.25.4
2024/02/24 15:04:04 [notice] 1#1: built by gcc 12.2.0 (Debian 12.2.0-14) 
2024/02/24 15:04:04 [notice] 1#1: OS: Linux 5.15.0-97-generic
2024/02/24 15:04:04 [notice] 1#1: getrlimit(RLIMIT_NOFILE): 1024:524288
2024/02/24 15:04:04 [notice] 1#1: start worker processes
2024/02/24 15:04:04 [notice] 1#1: start worker process 22
2024/02/24 15:04:04 [notice] 1#1: start worker process 23
2024/02/24 15:04:04 [notice] 1#1: start worker process 24
2024/02/24 15:04:04 [notice] 1#1: start worker process 25
2024/02/24 17:52:11 [error] 23#23: *8 open() "/usr/share/nginx/html/wp-includes/ID3/license.txt" failed (2: No such file or directory), client: 192.168.144.4, server: localhost, request: "GET /wp-includes/ID3/license.txt HTTP/1.0", host: "enriqueav.com"
2024/02/24 17:52:11 [error] 23#23: *9 "/usr/share/nginx/html/feed/index.html" is not found (2: No such file or directory), client: 192.168.144.4, server: localhost, request: "GET /feed/ HTTP/1.0", host: "enriqueav.com"
2024/02/24 17:52:12 [error] 23#23: *10 open() "/usr/share/nginx/html/xmlrpc.php" failed (2: No such file or directory), client: 192.168.144.4, server: localhost, request: "GET /xmlrpc.php?rsd HTTP/1.0", host: "enriqueav.com"
2024/02/24 17:52:13 [error] 23#23: *11 open() "/usr/share/nginx/html/blog/wp-includes/wlwmanifest.xml" failed (2: No such file or directory), client: 192.168.144.4, server: localhost, request: "GET /blog/wp-includes/wlwmanifest.xml HTTP/1.0", host: "enriqueav.com"
2024/02/24 17:52:13 [error] 23#23: *12 open() "/usr/share/nginx/html/web/wp-includes/wlwmanifest.xml" failed (2: No such file or directory), client: 192.168.144.4, server: localhost, request: "GET /web/wp-includes/wlwmanifest.xml HTTP/1.0", host: "enriqueav.com"
2024/02/24 17:52:14 [error] 23#23: *13 open() "/usr/share/nginx/html/wordpress/wp-includes/wlwmanifest.xml" failed (2: No such file or directory), client: 192.168.144.4, server: localhost, request: "GET /wordpress/wp-includes/wlwmanifest.xml HTTP/1.0", host: "enriqueav.com"
2024/02/24 17:52:14 [error] 23#23: *14 open() "/usr/share/nginx/html/wp/wp-includes/wlwmanifest.xml" failed (2: No such file or directory), client: 192.168.144.4, server: localhost, request: "GET /wp/wp-includes/wlwmanifest.xml HTTP/1.0", host: "enriqueav.com"
2024/02/24 17:52:15 [error] 23#23: *15 open() "/usr/share/nginx/html/2020/wp-includes/wlwmanifest.xml" failed (2: No such file or directory), client: 192.168.144.4, server: localhost, request: "GET /2020/wp-includes/wlwmanifest.xml HTTP/1.0", host: "enriqueav.com"
2024/02/24 17:52:15 [error] 23#23: *16 open() "/usr/share/nginx/html/2019/wp-includes/wlwmanifest.xml" failed (2: No such file or directory), client: 192.168.144.4, server: localhost, request: "GET /2019/wp-includes/wlwmanifest.xml HTTP/1.0", host: "enriqueav.com"
2024/02/24 17:52:16 [error] 23#23: *17 open() "/usr/share/nginx/html/2021/wp-includes/wlwmanifest.xml" failed (2: No such file or directory), client: 192.168.144.4, server: localhost, request: "GET /2021/wp-includes/wlwmanifest.xml HTTP/1.0", host: "enriqueav.com"
2024/02/24 17:52:16 [error] 23#23: *18 open() "/usr/share/nginx/html/shop/wp-includes/wlwmanifest.xml" failed (2: No such file or directory), client: 192.168.144.4, server: localhost, request: "GET /shop/wp-includes/wlwmanifest.xml HTTP/1.0", host: "enriqueav.com"
2024/02/24 17:52:17 [error] 23#23: *19 open() "/usr/share/nginx/html/wp1/wp-includes/wlwmanifest.xml" failed (2: No such file or directory), client: 192.168.144.4, server: localhost, request: "GET /wp1/wp-includes/wlwmanifest.xml HTTP/1.0", host: "enriqueav.com"
2024/02/24 17:52:17 [error] 23#23: *20 open() "/usr/share/nginx/html/test/wp-includes/wlwmanifest.xml" failed (2: No such file or directory), client: 192.168.144.4, server: localhost, request: "GET /test/wp-includes/wlwmanifest.xml HTTP/1.0", host: "enriqueav.com"
2024/02/24 17:52:18 [error] 22#22: *21 open() "/usr/share/nginx/html/site/wp-includes/wlwmanifest.xml" failed (2: No such file or directory), client: 192.168.144.4, server: localhost, request: "GET /site/wp-includes/wlwmanifest.xml HTTP/1.0", host: "enriqueav.com"
2024/02/24 17:52:18 [error] 22#22: *22 open() "/usr/share/nginx/html/cms/wp-includes/wlwmanifest.xml" failed (2: No such file or directory), client: 192.168.144.4, server: localhost, request: "GET /cms/wp-includes/wlwmanifest.xml HTTP/1.0", host: "enriqueav.com"
2024/02/24 18:09:23 [error] 22#22: *25 open() "/usr/share/nginx/html/favicon.ico" failed (2: No such file or directory), client: 192.168.144.4, server: localhost, request: "GET /favicon.ico HTTP/1.0", host: "enriqueav.com"
2024/02/24 18:20:29 [error] 22#22: *27 open() "/usr/share/nginx/html/favicon.ico" failed (2: No such file or directory), client: 192.168.144.4, server: localhost, request: "GET /favicon.ico HTTP/1.0", host: "79.116.153.223"
2024/02/24 18:38:02 [error] 22#22: *28 open() "/usr/share/nginx/html/.env" failed (2: No such file or directory), client: 192.168.144.4, server: localhost, request: "GET /.env HTTP/1.0", host: "79.116.153.223"
2024/02/24 19:02:43 [error] 22#22: *31 open() "/usr/share/nginx/html/manager/html" failed (2: No such file or directory), client: 192.168.144.4, server: localhost, request: "GET /manager/html HTTP/1.0", host: "79.116.153.223"
2024/02/24 19:22:38 [error] 22#22: *33 open() "/usr/share/nginx/html/favicon.ico" failed (2: No such file or directory), client: 192.168.144.4, server: localhost, request: "GET /favicon.ico HTTP/1.0", host: "enriqueav.com", referrer: "http://enriqueav.com/"
2024/02/24 20:05:47 [error] 24#24: *37 open() "/usr/share/nginx/html/favicon.ico" failed (2: No such file or directory), client: 192.168.144.4, server: localhost, request: "GET /favicon.ico HTTP/1.0", host: "enriqueav.com"
2024/02/24 20:30:34 [error] 24#24: *40 open() "/usr/share/nginx/html/wp-includes/wlwmanifest.xml" failed (2: No such file or directory), client: 192.168.144.4, server: localhost, request: "GET /wp-includes/wlwmanifest.xml HTTP/1.0", host: "enriqueav.com"
2024/02/24 20:30:34 [error] 24#24: *41 open() "/usr/share/nginx/html/xmlrpc.php" failed (2: No such file or directory), client: 192.168.144.4, server: localhost, request: "GET /xmlrpc.php?rsd HTTP/1.0", host: "enriqueav.com"
2024/02/24 20:30:34 [error] 24#24: *43 open() "/usr/share/nginx/html/blog/wp-includes/wlwmanifest.xml" failed (2: No such file or directory), client: 192.168.144.4, server: localhost, request: "GET /blog/wp-includes/wlwmanifest.xml HTTP/1.0", host: "enriqueav.com"
2024/02/24 20:30:34 [error] 24#24: *44 open() "/usr/share/nginx/html/web/wp-includes/wlwmanifest.xml" failed (2: No such file or directory), client: 192.168.144.4, server: localhost, request: "GET /web/wp-includes/wlwmanifest.xml HTTP/1.0", host: "enriqueav.com"
2024/02/24 20:30:34 [error] 24#24: *45 open() "/usr/share/nginx/html/wordpress/wp-includes/wlwmanifest.xml" failed (2: No such file or directory), client: 192.168.144.4, server: localhost, request: "GET /wordpress/wp-includes/wlwmanifest.xml HTTP/1.0", host: "enriqueav.com"
2024/02/24 20:30:34 [error] 24#24: *46 open() "/usr/share/nginx/html/website/wp-includes/wlwmanifest.xml" failed (2: No such file or directory), client: 192.168.144.4, server: localhost, request: "GET /website/wp-includes/wlwmanifest.xml HTTP/1.0", host: "enriqueav.com"
2024/02/24 20:30:34 [error] 24#24: *47 open() "/usr/share/nginx/html/wp/wp-includes/wlwmanifest.xml" failed (2: No such file or directory), client: 192.168.144.4, server: localhost, request: "GET /wp/wp-includes/wlwmanifest.xml HTTP/1.0", host: "enriqueav.com"
2024/02/24 20:30:34 [error] 24#24: *48 open() "/usr/share/nginx/html/news/wp-includes/wlwmanifest.xml" failed (2: No such file or directory), client: 192.168.144.4, server: localhost, request: "GET /news/wp-includes/wlwmanifest.xml HTTP/1.0", host: "enriqueav.com"
2024/02/24 20:30:35 [error] 24#24: *49 open() "/usr/share/nginx/html/2020/wp-includes/wlwmanifest.xml" failed (2: No such file or directory), client: 192.168.144.4, server: localhost, request: "GET /2020/wp-includes/wlwmanifest.xml HTTP/1.0", host: "enriqueav.com"
2024/02/24 20:30:35 [error] 24#24: *50 open() "/usr/share/nginx/html/2019/wp-includes/wlwmanifest.xml" failed (2: No such file or directory), client: 192.168.144.4, server: localhost, request: "GET /2019/wp-includes/wlwmanifest.xml HTTP/1.0", host: "enriqueav.com"
2024/02/24 20:30:35 [error] 24#24: *51 open() "/usr/share/nginx/html/shop/wp-includes/wlwmanifest.xml" failed (2: No such file or directory), client: 192.168.144.4, server: localhost, request: "GET /shop/wp-includes/wlwmanifest.xml HTTP/1.0", host: "enriqueav.com"
2024/02/24 20:30:35 [error] 24#24: *52 open() "/usr/share/nginx/html/wp1/wp-includes/wlwmanifest.xml" failed (2: No such file or directory), client: 192.168.144.4, server: localhost, request: "GET /wp1/wp-includes/wlwmanifest.xml HTTP/1.0", host: "enriqueav.com"
2024/02/24 20:30:35 [error] 25#25: *53 open() "/usr/share/nginx/html/test/wp-includes/wlwmanifest.xml" failed (2: No such file or directory), client: 192.168.144.4, server: localhost, request: "GET /test/wp-includes/wlwmanifest.xml HTTP/1.0", host: "enriqueav.com"
2024/02/24 20:30:35 [error] 25#25: *54 open() "/usr/share/nginx/html/wp2/wp-includes/wlwmanifest.xml" failed (2: No such file or directory), client: 192.168.144.4, server: localhost, request: "GET /wp2/wp-includes/wlwmanifest.xml HTTP/1.0", host: "enriqueav.com"
2024/02/24 20:30:35 [error] 25#25: *55 open() "/usr/share/nginx/html/site/wp-includes/wlwmanifest.xml" failed (2: No such file or directory), client: 192.168.144.4, server: localhost, request: "GET /site/wp-includes/wlwmanifest.xml HTTP/1.0", host: "enriqueav.com"
2024/02/24 20:30:35 [error] 25#25: *56 open() "/usr/share/nginx/html/cms/wp-includes/wlwmanifest.xml" failed (2: No such file or directory), client: 192.168.144.4, server: localhost, request: "GET /cms/wp-includes/wlwmanifest.xml HTTP/1.0", host: "enriqueav.com"
2024/02/24 20:30:35 [error] 25#25: *57 open() "/usr/share/nginx/html/sito/wp-includes/wlwmanifest.xml" failed (2: No such file or directory), client: 192.168.144.4, server: localhost, request: "GET /sito/wp-includes/wlwmanifest.xml HTTP/1.0", host: "enriqueav.com"
2024/02/24 20:51:53 [error] 25#25: *59 open() "/usr/share/nginx/html/actuator/gateway/routes" failed (2: No such file or directory), client: 192.168.144.4, server: localhost, request: "GET /actuator/gateway/routes HTTP/1.0", host: "79.116.153.223"
2024/02/24 20:54:59 [error] 25#25: *60 open() "/usr/share/nginx/html/3ds.php" failed (2: No such file or directory), client: 192.168.144.4, server: localhost, request: "GET /3ds.php HTTP/1.0", host: "enriqueav.com"
2024/02/24 20:54:59 [error] 25#25: *61 open() "/usr/share/nginx/html/favicon.ico" failed (2: No such file or directory), client: 192.168.144.4, server: localhost, request: "GET /favicon.ico HTTP/1.0", host: "enriqueav.com"
2024/02/24 20:55:01 [error] 25#25: *62 open() "/usr/share/nginx/html/merchant/code" failed (2: No such file or directory), client: 192.168.144.4, server: localhost, request: "GET /merchant/code HTTP/1.0", host: "enriqueav.com"
2024/02/24 20:55:01 [error] 25#25: *63 open() "/usr/share/nginx/html/favicon.ico" failed (2: No such file or directory), client: 192.168.144.4, server: localhost, request: "GET /favicon.ico HTTP/1.0", host: "enriqueav.com"
2024/02/24 20:55:02 [error] 25#25: *64 "/usr/share/nginx/html/merchant/z/payment/index.html" is not found (2: No such file or directory), client: 192.168.144.4, server: localhost, request: "GET /merchant/z/payment/?order=1 HTTP/1.0", host: "enriqueav.com"
2024/02/24 20:55:03 [error] 25#25: *65 open() "/usr/share/nginx/html/favicon.ico" failed (2: No such file or directory), client: 192.168.144.4, server: localhost, request: "GET /favicon.ico HTTP/1.0", host: "enriqueav.com"
2024/02/24 20:55:04 [error] 25#25: *66 open() "/usr/share/nginx/html/3ds1633693954432212" failed (2: No such file or directory), client: 192.168.144.4, server: localhost, request: "GET /3ds1633693954432212 HTTP/1.0", host: "enriqueav.com"
2024/02/24 20:55:05 [error] 25#25: *67 open() "/usr/share/nginx/html/favicon.ico" failed (2: No such file or directory), client: 192.168.144.4, server: localhost, request: "GET /favicon.ico HTTP/1.0", host: "enriqueav.com"
2024/02/24 21:04:29 [notice] 1#1: signal 3 (SIGQUIT) received, shutting down
2024/02/24 21:04:29 [notice] 22#22: gracefully shutting down
2024/02/24 21:04:29 [notice] 25#25: gracefully shutting down
2024/02/24 21:04:29 [notice] 23#23: gracefully shutting down
2024/02/24 21:04:29 [notice] 22#22: exiting
2024/02/24 21:04:29 [notice] 25#25: exiting
2024/02/24 21:04:29 [notice] 23#23: exiting
2024/02/24 21:04:29 [notice] 22#22: exit
2024/02/24 21:04:29 [notice] 25#25: exit
2024/02/24 21:04:29 [notice] 23#23: exit
2024/02/24 21:04:29 [notice] 24#24: gracefully shutting down
2024/02/24 21:04:29 [notice] 24#24: exiting
2024/02/24 21:04:29 [notice] 24#24: exit
2024/02/24 21:04:29 [notice] 1#1: signal 17 (SIGCHLD) received from 24
2024/02/24 21:04:29 [notice] 1#1: worker process 24 exited with code 0
2024/02/24 21:04:29 [notice] 1#1: signal 29 (SIGIO) received
2024/02/24 21:04:29 [notice] 1#1: signal 17 (SIGCHLD) received from 25
2024/02/24 21:04:29 [notice] 1#1: worker process 25 exited with code 0
2024/02/24 21:04:29 [notice] 1#1: signal 29 (SIGIO) received
2024/02/24 21:04:29 [notice] 1#1: signal 17 (SIGCHLD) received from 23
2024/02/24 21:04:29 [notice] 1#1: worker process 23 exited with code 0
2024/02/24 21:04:29 [notice] 1#1: signal 29 (SIGIO) received
2024/02/24 21:04:29 [notice] 1#1: signal 17 (SIGCHLD) received from 22
2024/02/24 21:04:29 [notice] 1#1: worker process 22 exited with code 0
2024/02/24 21:04:29 [notice] 1#1: exit
2024/02/24 21:12:12 [notice] 1#1: using the "epoll" event method
2024/02/24 21:12:12 [notice] 1#1: nginx/1.25.4
2024/02/24 21:12:12 [notice] 1#1: built by gcc 12.2.0 (Debian 12.2.0-14) 
2024/02/24 21:12:12 [notice] 1#1: OS: Linux 5.15.0-97-generic
2024/02/24 21:12:12 [notice] 1#1: getrlimit(RLIMIT_NOFILE): 1024:524288
2024/02/24 21:12:12 [notice] 1#1: start worker processes
2024/02/24 21:12:12 [notice] 1#1: start worker process 29
2024/02/24 21:12:12 [notice] 1#1: start worker process 30
2024/02/24 21:12:12 [notice] 1#1: start worker process 31
2024/02/24 21:12:12 [notice] 1#1: start worker process 32
2024/02/24 21:13:01 [notice] 1#1: signal 3 (SIGQUIT) received, shutting down
2024/02/24 21:13:01 [notice] 29#29: gracefully shutting down
2024/02/24 21:13:01 [notice] 32#32: gracefully shutting down
2024/02/24 21:13:01 [notice] 30#30: gracefully shutting down
2024/02/24 21:13:01 [notice] 31#31: gracefully shutting down
2024/02/24 21:13:01 [notice] 29#29: exiting
2024/02/24 21:13:01 [notice] 32#32: exiting
2024/02/24 21:13:01 [notice] 30#30: exiting
2024/02/24 21:13:01 [notice] 31#31: exiting
2024/02/24 21:13:01 [notice] 32#32: exit
2024/02/24 21:13:01 [notice] 29#29: exit
2024/02/24 21:13:01 [notice] 30#30: exit
2024/02/24 21:13:01 [notice] 31#31: exit
2024/02/24 21:13:02 [notice] 1#1: signal 17 (SIGCHLD) received from 31
2024/02/24 21:13:02 [notice] 1#1: worker process 31 exited with code 0
2024/02/24 21:13:02 [notice] 1#1: signal 29 (SIGIO) received
2024/02/24 21:13:02 [notice] 1#1: signal 17 (SIGCHLD) received from 32
2024/02/24 21:13:02 [notice] 1#1: worker process 29 exited with code 0
2024/02/24 21:13:02 [notice] 1#1: worker process 32 exited with code 0
2024/02/24 21:13:02 [notice] 1#1: signal 29 (SIGIO) received
2024/02/24 21:13:02 [notice] 1#1: signal 17 (SIGCHLD) received from 30
2024/02/24 21:13:02 [notice] 1#1: worker process 30 exited with code 0
2024/02/24 21:13:02 [notice] 1#1: exit
2024/02/24 21:32:08 [notice] 1#1: using the "epoll" event method
2024/02/24 21:32:08 [notice] 1#1: nginx/1.25.4
2024/02/24 21:32:08 [notice] 1#1: built by gcc 12.2.0 (Debian 12.2.0-14) 
2024/02/24 21:32:08 [notice] 1#1: OS: Linux 5.15.0-97-generic
2024/02/24 21:32:08 [notice] 1#1: getrlimit(RLIMIT_NOFILE): 1024:524288
2024/02/24 21:32:08 [notice] 1#1: start worker processes
2024/02/24 21:32:08 [notice] 1#1: start worker process 29
2024/02/24 21:32:08 [notice] 1#1: start worker process 30
2024/02/24 21:32:08 [notice] 1#1: start worker process 31
2024/02/24 21:32:08 [notice] 1#1: start worker process 32
2024/02/24 21:37:39 [error] 29#29: *1 open() "/usr/share/nginx/html/favicon.ico" failed (2: No such file or directory), client: 192.168.176.3, server: localhost, request: "GET /favicon.ico HTTP/1.1", host: "web.enriqueav.com", referrer: "http://web.enriqueav.com/"
2024/02/24 21:42:01 [notice] 1#1: signal 3 (SIGQUIT) received, shutting down
2024/02/24 21:42:01 [notice] 29#29: gracefully shutting down
2024/02/24 21:42:01 [notice] 30#30: gracefully shutting down
2024/02/24 21:42:01 [notice] 29#29: exiting
2024/02/24 21:42:01 [notice] 30#30: exiting
2024/02/24 21:42:01 [notice] 29#29: exit
2024/02/24 21:42:01 [notice] 30#30: exit
2024/02/24 21:42:01 [notice] 31#31: gracefully shutting down
2024/02/24 21:42:01 [notice] 32#32: gracefully shutting down
2024/02/24 21:42:01 [notice] 31#31: exiting
2024/02/24 21:42:01 [notice] 32#32: exiting
2024/02/24 21:42:01 [notice] 31#31: exit
2024/02/24 21:42:01 [notice] 32#32: exit
2024/02/24 21:42:01 [notice] 1#1: signal 17 (SIGCHLD) received from 32
2024/02/24 21:42:01 [notice] 1#1: worker process 30 exited with code 0
2024/02/24 21:42:01 [notice] 1#1: worker process 32 exited with code 0
2024/02/24 21:42:01 [notice] 1#1: signal 29 (SIGIO) received
2024/02/24 21:42:01 [notice] 1#1: signal 17 (SIGCHLD) received from 29
2024/02/24 21:42:01 [notice] 1#1: worker process 29 exited with code 0
2024/02/24 21:42:01 [notice] 1#1: signal 29 (SIGIO) received
2024/02/24 21:42:01 [notice] 1#1: signal 17 (SIGCHLD) received from 31
2024/02/24 21:42:01 [notice] 1#1: worker process 31 exited with code 0
2024/02/24 21:42:01 [notice] 1#1: exit
2024/02/24 21:50:35 [notice] 1#1: using the "epoll" event method
2024/02/24 21:50:35 [notice] 1#1: nginx/1.25.4
2024/02/24 21:50:35 [notice] 1#1: built by gcc 12.2.0 (Debian 12.2.0-14) 
2024/02/24 21:50:35 [notice] 1#1: OS: Linux 5.15.0-97-generic
2024/02/24 21:50:35 [notice] 1#1: getrlimit(RLIMIT_NOFILE): 1024:524288
2024/02/24 21:50:35 [notice] 1#1: start worker processes
2024/02/24 21:50:35 [notice] 1#1: start worker process 29
2024/02/24 21:50:35 [notice] 1#1: start worker process 30
2024/02/24 21:50:35 [notice] 1#1: start worker process 31
2024/02/24 21:50:35 [notice] 1#1: start worker process 32
2024/02/24 21:54:29 [notice] 1#1: signal 3 (SIGQUIT) received, shutting down
2024/02/24 21:54:29 [notice] 30#30: gracefully shutting down
2024/02/24 21:54:29 [notice] 31#31: gracefully shutting down
2024/02/24 21:54:29 [notice] 32#32: gracefully shutting down
2024/02/24 21:54:29 [notice] 30#30: exiting
2024/02/24 21:54:29 [notice] 31#31: exiting
2024/02/24 21:54:29 [notice] 32#32: exiting
2024/02/24 21:54:29 [notice] 30#30: exit
2024/02/24 21:54:29 [notice] 32#32: exit
2024/02/24 21:54:29 [notice] 31#31: exit
2024/02/24 21:54:29 [notice] 29#29: gracefully shutting down
2024/02/24 21:54:29 [notice] 29#29: exiting
2024/02/24 21:54:29 [notice] 29#29: exit
2024/02/24 21:54:29 [notice] 1#1: signal 17 (SIGCHLD) received from 29
2024/02/24 21:54:29 [notice] 1#1: worker process 29 exited with code 0
2024/02/24 21:54:29 [notice] 1#1: worker process 32 exited with code 0
2024/02/24 21:54:29 [notice] 1#1: signal 29 (SIGIO) received
2024/02/24 21:54:29 [notice] 1#1: signal 17 (SIGCHLD) received from 30
2024/02/24 21:54:29 [notice] 1#1: worker process 30 exited with code 0
2024/02/24 21:54:29 [notice] 1#1: signal 29 (SIGIO) received
2024/02/24 21:54:29 [notice] 1#1: signal 17 (SIGCHLD) received from 31
2024/02/24 21:54:29 [notice] 1#1: worker process 31 exited with code 0
2024/02/24 21:54:29 [notice] 1#1: exit
2024/02/24 21:54:38 [notice] 1#1: using the "epoll" event method
2024/02/24 21:54:38 [notice] 1#1: nginx/1.25.4
2024/02/24 21:54:38 [notice] 1#1: built by gcc 12.2.0 (Debian 12.2.0-14) 
2024/02/24 21:54:38 [notice] 1#1: OS: Linux 5.15.0-97-generic
2024/02/24 21:54:38 [notice] 1#1: getrlimit(RLIMIT_NOFILE): 1024:524288
2024/02/24 21:54:38 [notice] 1#1: start worker processes
2024/02/24 21:54:38 [notice] 1#1: start worker process 28
2024/02/24 21:54:38 [notice] 1#1: start worker process 29
2024/02/24 21:54:38 [notice] 1#1: start worker process 30
2024/02/24 21:54:38 [notice] 1#1: start worker process 31
2024/02/24 21:57:48 [notice] 1#1: signal 3 (SIGQUIT) received, shutting down
2024/02/24 21:57:48 [notice] 28#28: gracefully shutting down
2024/02/24 21:57:48 [notice] 29#29: gracefully shutting down
2024/02/24 21:57:48 [notice] 28#28: exiting
2024/02/24 21:57:48 [notice] 31#31: gracefully shutting down
2024/02/24 21:57:48 [notice] 29#29: exiting
2024/02/24 21:57:48 [notice] 31#31: exiting
2024/02/24 21:57:48 [notice] 28#28: exit
2024/02/24 21:57:48 [notice] 29#29: exit
2024/02/24 21:57:48 [notice] 31#31: exit
2024/02/24 21:57:48 [notice] 30#30: gracefully shutting down
2024/02/24 21:57:48 [notice] 30#30: exiting
2024/02/24 21:57:48 [notice] 30#30: exit
2024/02/24 21:57:48 [notice] 1#1: signal 17 (SIGCHLD) received from 28
2024/02/24 21:57:48 [notice] 1#1: worker process 28 exited with code 0
2024/02/24 21:57:48 [notice] 1#1: signal 29 (SIGIO) received
2024/02/24 21:57:48 [notice] 1#1: signal 17 (SIGCHLD) received from 29
2024/02/24 21:57:48 [notice] 1#1: worker process 29 exited with code 0
2024/02/24 21:57:48 [notice] 1#1: signal 29 (SIGIO) received
2024/02/24 21:57:48 [notice] 1#1: signal 17 (SIGCHLD) received from 30
2024/02/24 21:57:48 [notice] 1#1: worker process 30 exited with code 0
2024/02/24 21:57:48 [notice] 1#1: signal 29 (SIGIO) received
2024/02/24 21:57:48 [notice] 1#1: signal 17 (SIGCHLD) received from 31
2024/02/24 21:57:48 [notice] 1#1: worker process 31 exited with code 0
2024/02/24 21:57:48 [notice] 1#1: exit
2024/02/24 21:58:08 [notice] 1#1: using the "epoll" event method
2024/02/24 21:58:08 [notice] 1#1: nginx/1.25.4
2024/02/24 21:58:08 [notice] 1#1: built by gcc 12.2.0 (Debian 12.2.0-14) 
2024/02/24 21:58:08 [notice] 1#1: OS: Linux 5.15.0-97-generic
2024/02/24 21:58:08 [notice] 1#1: getrlimit(RLIMIT_NOFILE): 1024:524288
2024/02/24 21:58:08 [notice] 1#1: start worker processes
2024/02/24 21:58:08 [notice] 1#1: start worker process 29
2024/02/24 21:58:08 [notice] 1#1: start worker process 30
2024/02/24 21:58:08 [notice] 1#1: start worker process 31
2024/02/24 21:58:08 [notice] 1#1: start worker process 32
2024/02/24 21:58:20 [error] 30#30: *1 open() "/usr/share/nginx/html/favicon.ico" failed (2: No such file or directory), client: 192.168.224.3, server: localhost, request: "GET /favicon.ico HTTP/1.1", host: "web.enriqueav.com", referrer: "https://web.enriqueav.com/"
2024/02/24 21:58:20 [error] 30#30: *1 open() "/usr/share/nginx/html/favicon.ico" failed (2: No such file or directory), client: 192.168.224.3, server: localhost, request: "GET /favicon.ico HTTP/1.1", host: "web.enriqueav.com", referrer: "https://web.enriqueav.com/"
2024/02/24 21:59:24 [notice] 1#1: signal 3 (SIGQUIT) received, shutting down
2024/02/24 21:59:24 [notice] 29#29: gracefully shutting down
2024/02/24 21:59:24 [notice] 31#31: gracefully shutting down
2024/02/24 21:59:24 [notice] 32#32: gracefully shutting down
2024/02/24 21:59:24 [notice] 31#31: exiting
2024/02/24 21:59:24 [notice] 32#32: exiting
2024/02/24 21:59:24 [notice] 31#31: exit
2024/02/24 21:59:24 [notice] 32#32: exit
2024/02/24 21:59:24 [notice] 29#29: exiting
2024/02/24 21:59:24 [notice] 29#29: exit
2024/02/24 21:59:24 [notice] 30#30: gracefully shutting down
2024/02/24 21:59:24 [notice] 30#30: exiting
2024/02/24 21:59:24 [notice] 30#30: exit
2024/02/24 21:59:24 [notice] 1#1: signal 17 (SIGCHLD) received from 30
2024/02/24 21:59:24 [notice] 1#1: worker process 30 exited with code 0
2024/02/24 21:59:24 [notice] 1#1: worker process 31 exited with code 0
2024/02/24 21:59:24 [notice] 1#1: signal 29 (SIGIO) received
2024/02/24 21:59:24 [notice] 1#1: signal 17 (SIGCHLD) received from 32
2024/02/24 21:59:24 [notice] 1#1: worker process 32 exited with code 0
2024/02/24 21:59:24 [notice] 1#1: signal 29 (SIGIO) received
2024/02/24 21:59:24 [notice] 1#1: signal 17 (SIGCHLD) received from 29
2024/02/24 21:59:24 [notice] 1#1: worker process 29 exited with code 0
2024/02/24 21:59:24 [notice] 1#1: exit
2024/02/24 22:05:01 [notice] 1#1: using the "epoll" event method
2024/02/24 22:05:01 [notice] 1#1: nginx/1.25.4
2024/02/24 22:05:01 [notice] 1#1: built by gcc 12.2.0 (Debian 12.2.0-14) 
2024/02/24 22:05:01 [notice] 1#1: OS: Linux 5.15.0-97-generic
2024/02/24 22:05:01 [notice] 1#1: getrlimit(RLIMIT_NOFILE): 1024:524288
2024/02/24 22:05:01 [notice] 1#1: start worker processes
2024/02/24 22:05:01 [notice] 1#1: start worker process 29
2024/02/24 22:05:01 [notice] 1#1: start worker process 30
2024/02/24 22:05:01 [notice] 1#1: start worker process 31
2024/02/24 22:05:01 [notice] 1#1: start worker process 32
2024/02/24 22:07:02 [error] 29#29: *1 open() "/usr/share/nginx/html/favicon.ico" failed (2: No such file or directory), client: 192.168.240.5, server: localhost, request: "GET /favicon.ico HTTP/1.1", host: "web.enriqueav.com", referrer: "https://web.enriqueav.com/"
2024/02/24 22:07:02 [error] 29#29: *1 open() "/usr/share/nginx/html/favicon.ico" failed (2: No such file or directory), client: 192.168.240.5, server: localhost, request: "HEAD /favicon.ico HTTP/1.1", host: "web.enriqueav.com"
2024/02/24 22:09:01 [notice] 1#1: signal 3 (SIGQUIT) received, shutting down
2024/02/24 22:09:01 [notice] 31#31: gracefully shutting down
2024/02/24 22:09:01 [notice] 31#31: exiting
2024/02/24 22:09:01 [notice] 31#31: exit
2024/02/24 22:09:01 [notice] 29#29: gracefully shutting down
2024/02/24 22:09:01 [notice] 29#29: exiting
2024/02/24 22:09:01 [notice] 29#29: exit
2024/02/24 22:09:01 [notice] 30#30: gracefully shutting down
2024/02/24 22:09:01 [notice] 30#30: exiting
2024/02/24 22:09:01 [notice] 30#30: exit
2024/02/24 22:09:01 [notice] 32#32: gracefully shutting down
2024/02/24 22:09:01 [notice] 32#32: exiting
2024/02/24 22:09:01 [notice] 32#32: exit
2024/02/24 22:09:01 [notice] 1#1: signal 17 (SIGCHLD) received from 29
2024/02/24 22:09:01 [notice] 1#1: worker process 29 exited with code 0
2024/02/24 22:09:01 [notice] 1#1: worker process 30 exited with code 0
2024/02/24 22:09:01 [notice] 1#1: worker process 31 exited with code 0
2024/02/24 22:09:01 [notice] 1#1: signal 29 (SIGIO) received
2024/02/24 22:09:01 [notice] 1#1: signal 17 (SIGCHLD) received from 32
2024/02/24 22:09:01 [notice] 1#1: worker process 32 exited with code 0
2024/02/24 22:09:01 [notice] 1#1: exit
2024/02/24 22:09:24 [notice] 1#1: using the "epoll" event method
2024/02/24 22:09:24 [notice] 1#1: nginx/1.25.4
2024/02/24 22:09:24 [notice] 1#1: built by gcc 12.2.0 (Debian 12.2.0-14) 
2024/02/24 22:09:24 [notice] 1#1: OS: Linux 5.15.0-97-generic
2024/02/24 22:09:24 [notice] 1#1: getrlimit(RLIMIT_NOFILE): 1024:524288
2024/02/24 22:09:24 [notice] 1#1: start worker processes
2024/02/24 22:09:24 [notice] 1#1: start worker process 29
2024/02/24 22:09:24 [notice] 1#1: start worker process 30
2024/02/24 22:09:24 [notice] 1#1: start worker process 31
2024/02/24 22:09:24 [notice] 1#1: start worker process 32
2024/02/24 22:10:51 [notice] 1#1: signal 3 (SIGQUIT) received, shutting down
2024/02/24 22:10:51 [notice] 31#31: gracefully shutting down
2024/02/24 22:10:51 [notice] 31#31: exiting
2024/02/24 22:10:51 [notice] 31#31: exit
2024/02/24 22:10:51 [notice] 30#30: gracefully shutting down
2024/02/24 22:10:51 [notice] 30#30: exiting
2024/02/24 22:10:51 [notice] 30#30: exit
2024/02/24 22:10:51 [notice] 32#32: gracefully shutting down
2024/02/24 22:10:51 [notice] 32#32: exiting
2024/02/24 22:10:51 [notice] 32#32: exit
2024/02/24 22:10:51 [notice] 29#29: gracefully shutting down
2024/02/24 22:10:51 [notice] 29#29: exiting
2024/02/24 22:10:51 [notice] 29#29: exit
2024/02/24 22:10:52 [notice] 1#1: signal 17 (SIGCHLD) received from 31
2024/02/24 22:10:52 [notice] 1#1: worker process 31 exited with code 0
2024/02/24 22:10:52 [notice] 1#1: signal 29 (SIGIO) received
2024/02/24 22:10:52 [notice] 1#1: signal 17 (SIGCHLD) received from 32
2024/02/24 22:10:52 [notice] 1#1: worker process 32 exited with code 0
2024/02/24 22:10:52 [notice] 1#1: signal 29 (SIGIO) received
2024/02/24 22:10:52 [notice] 1#1: signal 17 (SIGCHLD) received from 29
2024/02/24 22:10:52 [notice] 1#1: worker process 29 exited with code 0
2024/02/24 22:10:52 [notice] 1#1: worker process 30 exited with code 0
2024/02/24 22:10:52 [notice] 1#1: exit
2024/02/24 22:11:10 [notice] 1#1: using the "epoll" event method
2024/02/24 22:11:10 [notice] 1#1: nginx/1.25.4
2024/02/24 22:11:10 [notice] 1#1: built by gcc 12.2.0 (Debian 12.2.0-14) 
2024/02/24 22:11:10 [notice] 1#1: OS: Linux 5.15.0-97-generic
2024/02/24 22:11:10 [notice] 1#1: getrlimit(RLIMIT_NOFILE): 1024:524288
2024/02/24 22:11:10 [notice] 1#1: start worker processes
2024/02/24 22:11:10 [notice] 1#1: start worker process 28
2024/02/24 22:11:10 [notice] 1#1: start worker process 29
2024/02/24 22:11:10 [notice] 1#1: start worker process 30
2024/02/24 22:11:10 [notice] 1#1: start worker process 31
2024/02/24 22:38:39 [notice] 1#1: signal 3 (SIGQUIT) received, shutting down
2024/02/24 22:38:39 [notice] 31#31: gracefully shutting down
2024/02/24 22:38:39 [notice] 31#31: exiting
2024/02/24 22:38:39 [notice] 31#31: exit
2024/02/24 22:38:39 [notice] 30#30: gracefully shutting down
2024/02/24 22:38:39 [notice] 30#30: exiting
2024/02/24 22:38:39 [notice] 30#30: exit
2024/02/24 22:38:39 [notice] 28#28: gracefully shutting down
2024/02/24 22:38:39 [notice] 28#28: exiting
2024/02/24 22:38:39 [notice] 28#28: exit
2024/02/24 22:38:39 [notice] 29#29: gracefully shutting down
2024/02/24 22:38:39 [notice] 29#29: exiting
2024/02/24 22:38:39 [notice] 29#29: exit
2024/02/24 22:38:39 [notice] 1#1: signal 17 (SIGCHLD) received from 31
2024/02/24 22:38:39 [notice] 1#1: worker process 31 exited with code 0
2024/02/24 22:38:39 [notice] 1#1: signal 29 (SIGIO) received
2024/02/24 22:38:39 [notice] 1#1: signal 17 (SIGCHLD) received from 29
2024/02/24 22:38:39 [notice] 1#1: worker process 29 exited with code 0
2024/02/24 22:38:39 [notice] 1#1: worker process 30 exited with code 0
2024/02/24 22:38:39 [notice] 1#1: signal 29 (SIGIO) received
2024/02/24 22:38:39 [notice] 1#1: signal 17 (SIGCHLD) received from 30
2024/02/24 22:38:39 [notice] 1#1: signal 17 (SIGCHLD) received from 28
2024/02/24 22:38:39 [notice] 1#1: worker process 28 exited with code 0
2024/02/24 22:38:39 [notice] 1#1: exit
2024/02/24 22:38:54 [notice] 1#1: using the "epoll" event method
2024/02/24 22:38:54 [notice] 1#1: nginx/1.25.4
2024/02/24 22:38:54 [notice] 1#1: built by gcc 12.2.0 (Debian 12.2.0-14) 
2024/02/24 22:38:54 [notice] 1#1: OS: Linux 5.15.0-97-generic
2024/02/24 22:38:54 [notice] 1#1: getrlimit(RLIMIT_NOFILE): 1024:524288
2024/02/24 22:38:54 [notice] 1#1: start worker processes
2024/02/24 22:38:54 [notice] 1#1: start worker process 30
2024/02/24 22:38:54 [notice] 1#1: start worker process 31
2024/02/24 22:38:54 [notice] 1#1: start worker process 32
2024/02/24 22:38:54 [notice] 1#1: start worker process 33
2024/02/24 22:42:34 [error] 33#33: *1 open() "/usr/share/nginx/html/spaces/8fb414733496/rooms/local/overview" failed (2: No such file or directory), client: 172.20.0.4, server: localhost, request: "GET /spaces/8fb414733496/rooms/local/overview HTTP/1.1", host: "web.enriqueav.com"
2024/02/24 23:23:34 [error] 31#31: *3 "/usr/share/nginx/html/dashboard/index.html" is not found (2: No such file or directory), client: 172.20.0.4, server: localhost, request: "GET /dashboard/ HTTP/1.1", host: "web.enriqueav.com"
2024/02/24 23:36:35 [notice] 1#1: signal 3 (SIGQUIT) received, shutting down
2024/02/24 23:36:35 [notice] 33#33: gracefully shutting down
2024/02/24 23:36:35 [notice] 30#30: gracefully shutting down
2024/02/24 23:36:35 [notice] 31#31: gracefully shutting down
2024/02/24 23:36:35 [notice] 33#33: exiting
2024/02/24 23:36:35 [notice] 30#30: exiting
2024/02/24 23:36:35 [notice] 31#31: exiting
2024/02/24 23:36:35 [notice] 33#33: exit
2024/02/24 23:36:35 [notice] 30#30: exit
2024/02/24 23:36:35 [notice] 31#31: exit
2024/02/24 23:36:35 [notice] 32#32: gracefully shutting down
2024/02/24 23:36:35 [notice] 32#32: exiting
2024/02/24 23:36:35 [notice] 32#32: exit
2024/02/24 23:36:35 [notice] 1#1: signal 17 (SIGCHLD) received from 33
2024/02/24 23:36:35 [notice] 1#1: worker process 33 exited with code 0
2024/02/24 23:36:35 [notice] 1#1: signal 29 (SIGIO) received
2024/02/24 23:36:36 [notice] 1#1: signal 17 (SIGCHLD) received from 32
2024/02/24 23:36:36 [notice] 1#1: worker process 31 exited with code 0
2024/02/24 23:36:36 [notice] 1#1: worker process 32 exited with code 0
2024/02/24 23:36:36 [notice] 1#1: signal 29 (SIGIO) received
2024/02/24 23:36:36 [notice] 1#1: signal 17 (SIGCHLD) received from 30
2024/02/24 23:36:36 [notice] 1#1: worker process 30 exited with code 0
2024/02/24 23:36:36 [notice] 1#1: exit
2024/02/24 23:36:36 [notice] 1#1: using the "epoll" event method
2024/02/24 23:36:36 [notice] 1#1: nginx/1.25.4
2024/02/24 23:36:36 [notice] 1#1: built by gcc 12.2.0 (Debian 12.2.0-14) 
2024/02/24 23:36:36 [notice] 1#1: OS: Linux 5.15.0-97-generic
2024/02/24 23:36:36 [notice] 1#1: getrlimit(RLIMIT_NOFILE): 1024:524288
2024/02/24 23:36:36 [notice] 1#1: start worker processes
2024/02/24 23:36:36 [notice] 1#1: start worker process 28
2024/02/24 23:36:36 [notice] 1#1: start worker process 29
2024/02/24 23:36:36 [notice] 1#1: start worker process 30
2024/02/24 23:36:36 [notice] 1#1: start worker process 31
2024/02/24 23:37:24 [notice] 1#1: signal 3 (SIGQUIT) received, shutting down
2024/02/24 23:37:24 [notice] 30#30: gracefully shutting down
2024/02/24 23:37:24 [notice] 29#29: gracefully shutting down
2024/02/24 23:37:24 [notice] 31#31: gracefully shutting down
2024/02/24 23:37:24 [notice] 30#30: exiting
2024/02/24 23:37:24 [notice] 29#29: exiting
2024/02/24 23:37:24 [notice] 31#31: exiting
2024/02/24 23:37:24 [notice] 30#30: exit
2024/02/24 23:37:24 [notice] 29#29: exit
2024/02/24 23:37:24 [notice] 31#31: exit
2024/02/24 23:37:24 [notice] 28#28: gracefully shutting down
2024/02/24 23:37:24 [notice] 28#28: exiting
2024/02/24 23:37:24 [notice] 28#28: exit
2024/02/24 23:37:24 [notice] 1#1: signal 17 (SIGCHLD) received from 28
2024/02/24 23:37:24 [notice] 1#1: worker process 28 exited with code 0
2024/02/24 23:37:24 [notice] 1#1: worker process 29 exited with code 0
2024/02/24 23:37:24 [notice] 1#1: worker process 30 exited with code 0
2024/02/24 23:37:24 [notice] 1#1: signal 29 (SIGIO) received
2024/02/24 23:37:24 [notice] 1#1: signal 17 (SIGCHLD) received from 31
2024/02/24 23:37:24 [notice] 1#1: worker process 31 exited with code 0
2024/02/24 23:37:24 [notice] 1#1: exit
2024/02/24 23:37:25 [notice] 1#1: using the "epoll" event method
2024/02/24 23:37:25 [notice] 1#1: nginx/1.25.4
2024/02/24 23:37:25 [notice] 1#1: built by gcc 12.2.0 (Debian 12.2.0-14) 
2024/02/24 23:37:25 [notice] 1#1: OS: Linux 5.15.0-97-generic
2024/02/24 23:37:25 [notice] 1#1: getrlimit(RLIMIT_NOFILE): 1024:524288
2024/02/24 23:37:25 [notice] 1#1: start worker processes
2024/02/24 23:37:25 [notice] 1#1: start worker process 28
2024/02/24 23:37:25 [notice] 1#1: start worker process 29
2024/02/24 23:37:25 [notice] 1#1: start worker process 30
2024/02/24 23:37:25 [notice] 1#1: start worker process 31
2024/02/24 23:54:56 [notice] 1#1: signal 3 (SIGQUIT) received, shutting down
2024/02/24 23:54:56 [notice] 29#29: gracefully shutting down
2024/02/24 23:54:56 [notice] 28#28: gracefully shutting down
2024/02/24 23:54:56 [notice] 31#31: gracefully shutting down
2024/02/24 23:54:56 [notice] 30#30: gracefully shutting down
2024/02/24 23:54:56 [notice] 29#29: exiting
2024/02/24 23:54:56 [notice] 28#28: exiting
2024/02/24 23:54:56 [notice] 31#31: exiting
2024/02/24 23:54:56 [notice] 30#30: exiting
2024/02/24 23:54:56 [notice] 29#29: exit
2024/02/24 23:54:56 [notice] 28#28: exit
2024/02/24 23:54:56 [notice] 31#31: exit
2024/02/24 23:54:56 [notice] 30#30: exit
2024/02/24 23:54:56 [notice] 1#1: signal 17 (SIGCHLD) received from 31
2024/02/24 23:54:56 [notice] 1#1: worker process 31 exited with code 0
2024/02/24 23:54:56 [notice] 1#1: signal 29 (SIGIO) received
2024/02/24 23:54:56 [notice] 1#1: signal 17 (SIGCHLD) received from 29
2024/02/24 23:54:56 [notice] 1#1: worker process 28 exited with code 0
2024/02/24 23:54:56 [notice] 1#1: worker process 29 exited with code 0
2024/02/24 23:54:56 [notice] 1#1: signal 29 (SIGIO) received
2024/02/24 23:54:56 [notice] 1#1: signal 17 (SIGCHLD) received from 30
2024/02/24 23:54:56 [notice] 1#1: worker process 30 exited with code 0
2024/02/24 23:54:56 [notice] 1#1: exit
2024/02/24 23:54:57 [notice] 1#1: using the "epoll" event method
2024/02/24 23:54:57 [notice] 1#1: nginx/1.25.4
2024/02/24 23:54:57 [notice] 1#1: built by gcc 12.2.0 (Debian 12.2.0-14) 
2024/02/24 23:54:57 [notice] 1#1: OS: Linux 5.15.0-97-generic
2024/02/24 23:54:57 [notice] 1#1: getrlimit(RLIMIT_NOFILE): 1024:524288
2024/02/24 23:54:57 [notice] 1#1: start worker processes
2024/02/24 23:54:57 [notice] 1#1: start worker process 29
2024/02/24 23:54:57 [notice] 1#1: start worker process 30
2024/02/24 23:54:57 [notice] 1#1: start worker process 31
2024/02/24 23:54:57 [notice] 1#1: start worker process 32
